2022-11-28 12:42:35.882  INFO 10960 --- [restartedMain] com.example.SecuCom.SecuComApplication   : Starting SecuComApplication using Java 18.0.2 on DCIREODCPR4 with PID 10960 (C:\Users\adkonte\Desktop\PROJET\secucom\SecuCom\target\classes started by adkonte in C:\Users\adkonte\Desktop\PROJET\secucom)
2022-11-28 12:42:35.884  INFO 10960 --- [restartedMain] com.example.SecuCom.SecuComApplication   : No active profile set, falling back to 1 default profile: "default"
2022-11-28 12:42:35.952  INFO 10960 --- [restartedMain] .e.DevToolsPropertyDefaultsPostProcessor : Devtools property defaults active! Set 'spring.devtools.add-properties' to 'false' to disable
2022-11-28 12:42:35.953  INFO 10960 --- [restartedMain] .e.DevToolsPropertyDefaultsPostProcessor : For additional web related logging consider setting the 'logging.level.web' property to 'DEBUG'
2022-11-28 12:42:36.796  INFO 10960 --- [restartedMain] .s.d.r.c.RepositoryConfigurationDelegate : Bootstrapping Spring Data JPA repositories in DEFAULT mode.
2022-11-28 12:42:36.952  INFO 10960 --- [restartedMain] .s.d.r.c.RepositoryConfigurationDelegate : Finished Spring Data repository scanning in 136 ms. Found 2 JPA repository interfaces.
2022-11-28 12:42:38.285  INFO 10960 --- [restartedMain] o.s.b.w.embedded.tomcat.TomcatWebServer  : Tomcat initialized with port(s): 8080 (http)
2022-11-28 12:42:38.301  INFO 10960 --- [restartedMain] o.apache.catalina.core.StandardService   : Starting service [Tomcat]
2022-11-28 12:42:38.303  INFO 10960 --- [restartedMain] org.apache.catalina.core.StandardEngine  : Starting Servlet engine: [Apache Tomcat/9.0.68]
2022-11-28 12:42:38.460  INFO 10960 --- [restartedMain] o.a.c.c.C.[Tomcat].[localhost].[/]       : Initializing Spring embedded WebApplicationContext
2022-11-28 12:42:38.461  INFO 10960 --- [restartedMain] w.s.c.ServletWebServerApplicationContext : Root WebApplicationContext: initialization completed in 2507 ms
2022-11-28 12:42:38.739  INFO 10960 --- [restartedMain] o.hibernate.jpa.internal.util.LogHelper  : HHH000204: Processing PersistenceUnitInfo [name: default]
2022-11-28 12:42:38.808  INFO 10960 --- [restartedMain] org.hibernate.Version                    : HHH000412: Hibernate ORM core version 5.6.12.Final
2022-11-28 12:42:38.980  INFO 10960 --- [restartedMain] o.hibernate.annotations.common.Version   : HCANN000001: Hibernate Commons Annotations {5.1.2.Final}
2022-11-28 12:42:39.064  INFO 10960 --- [restartedMain] com.zaxxer.hikari.HikariDataSource       : HikariPool-1 - Starting...
2022-11-28 12:42:39.252  INFO 10960 --- [restartedMain] com.zaxxer.hikari.HikariDataSource       : HikariPool-1 - Start completed.
2022-11-28 12:42:39.286  INFO 10960 --- [restartedMain] org.hibernate.dialect.Dialect            : HHH000400: Using dialect: org.hibernate.dialect.MySQL55Dialect
2022-11-28 12:42:39.917  INFO 10960 --- [restartedMain] o.h.e.t.j.p.i.JtaPlatformInitiator       : HHH000490: Using JtaPlatform implementation: [org.hibernate.engine.transaction.jta.platform.internal.NoJtaPlatform]
2022-11-28 12:42:39.925  INFO 10960 --- [restartedMain] j.LocalContainerEntityManagerFactoryBean : Initialized JPA EntityManagerFactory for persistence unit 'default'
2022-11-28 12:42:40.470  INFO 10960 --- [restartedMain] f.a.AutowiredAnnotationBeanPostProcessor : Autowired annotation is not supported on static fields: private static final org.slf4j.Logger com.example.SecuCom.security.jwt.JwtUtils.logger
2022-11-28 12:42:41.059  WARN 10960 --- [restartedMain] JpaBaseConfiguration$JpaWebConfiguration : spring.jpa.open-in-view is enabled by default. Therefore, database queries may be performed during view rendering. Explicitly configure spring.jpa.open-in-view to disable this warning
2022-11-28 12:42:41.356  INFO 10960 --- [restartedMain] o.s.s.web.DefaultSecurityFilterChain     : Will secure any request with [org.springframework.security.web.session.DisableEncodeUrlFilter@3d845152, org.springframework.security.web.context.request.async.WebAsyncManagerIntegrationFilter@5d1388f, org.springframework.security.web.context.SecurityContextPersistenceFilter@79eecf9d, org.springframework.security.web.header.HeaderWriterFilter@bf574c2, org.springframework.web.filter.CorsFilter@30b9ef2c, org.springframework.security.web.authentication.logout.LogoutFilter@40434a60, org.springframework.security.oauth2.client.web.OAuth2AuthorizationRequestRedirectFilter@77c83c39, org.springframework.security.oauth2.client.web.OAuth2LoginAuthenticationFilter@6b03b4f3, com.example.SecuCom.security.jwt.AuthTokenFilter@57b79987, org.springframework.security.web.authentication.UsernamePasswordAuthenticationFilter@2bf263fe, org.springframework.security.web.authentication.ui.DefaultLoginPageGeneratingFilter@38eb07ca, org.springframework.security.web.authentication.ui.DefaultLogoutPageGeneratingFilter@4d954024, org.springframework.security.web.savedrequest.RequestCacheAwareFilter@34b7c1ca, org.springframework.security.web.servletapi.SecurityContextHolderAwareRequestFilter@8fcd1ef, org.springframework.security.web.authentication.AnonymousAuthenticationFilter@52048605, org.springframework.security.web.session.SessionManagementFilter@6a845fc7, org.springframework.security.web.access.ExceptionTranslationFilter@3bde109c, org.springframework.security.web.access.intercept.FilterSecurityInterceptor@26007962]
2022-11-28 12:42:41.511  WARN 10960 --- [restartedMain] ion$DefaultTemplateResolverConfiguration : Cannot find template location: classpath:/templates/ (please add some templates, check your Thymeleaf configuration, or set spring.thymeleaf.check-template-location=false)
2022-11-28 12:42:41.666  INFO 10960 --- [restartedMain] o.s.b.d.a.OptionalLiveReloadServer       : LiveReload server is running on port 35729
2022-11-28 12:42:41.711  INFO 10960 --- [restartedMain] o.s.b.w.embedded.tomcat.TomcatWebServer  : Tomcat started on port(s): 8080 (http) with context path ''
2022-11-28 12:42:41.724  INFO 10960 --- [restartedMain] com.example.SecuCom.SecuComApplication   : Started SecuComApplication in 6.324 seconds (JVM running for 7.155)
2022-11-28 12:54:18.127  INFO 10960 --- [SpringApplicationShutdownHook] j.LocalContainerEntityManagerFactoryBean : Closing JPA EntityManagerFactory for persistence unit 'default'
2022-11-28 12:54:19.088  INFO 10960 --- [SpringApplicationShutdownHook] com.zaxxer.hikari.HikariDataSource       : HikariPool-1 - Shutdown initiated...
2022-11-28 12:54:20.323  INFO 10960 --- [SpringApplicationShutdownHook] com.zaxxer.hikari.HikariDataSource       : HikariPool-1 - Shutdown completed.
